# JRE version: Java(TM) SE Runtime Environment (8.0_112-b16) (build 1.8.0_112-b16)
# Java VM: Java HotSpot(TM) 64-Bit Server VM (25.112-b16 mixed mode bsd-amd64 compressed oops)
Heap:
 PSYoungGen      total 1293312K, used 5268K [0x000000076ab00000, 0x00000007c0000000, 0x00000007c0000000)
  eden space 1193984K, 0% used [0x000000076ab00000,0x000000076ab00000,0x00000007b3900000)
  from space 99328K, 5% used [0x00000007b9f00000,0x00000007ba4251d0,0x00000007c0000000)
  to   space 101888K, 0% used [0x00000007b3900000,0x00000007b3900000,0x00000007b9c80000)
 ParOldGen       total 268800K, used 195763K [0x00000006c0000000, 0x00000006d0680000, 0x000000076ab00000)
  object space 268800K, 72% used [0x00000006c0000000,0x00000006cbf2cc38,0x00000006d0680000)
 Metaspace       used 62989K, capacity 63447K, committed 63576K, reserved 1107968K
  class space    used 4076K, capacity 4301K, committed 4352K, reserved 1048576K
GC Heap History (10 events):
Event: 1009.583 GC heap after
Heap after GC invocations=84 (full 6):
 PSYoungGen      total 1308160K, used 68382K [0x000000076ab00000, 0x00000007c0000000, 0x00000007c0000000)
  eden space 1220608K, 0% used [0x000000076ab00000,0x000000076ab00000,0x00000007b5300000)
  from space 87552K, 78% used [0x00000007baa80000,0x00000007bed47bc0,0x00000007c0000000)
  to   space 88576K, 0% used [0x00000007b5300000,0x00000007b5300000,0x00000007ba980000)
 ParOldGen       total 268800K, used 172012K [0x00000006c0000000, 0x00000006d0680000, 0x000000076ab00000)
  object space 268800K, 63% used [0x00000006c0000000,0x00000006ca7fb210,0x00000006d0680000)
 Metaspace       used 53068K, capacity 53559K, committed 53760K, reserved 1099776K
  class space    used 3603K, capacity 3821K, committed 3840K, reserved 1048576K
}
Event: 1029.071 GC heap before
{Heap before GC invocations=85 (full 6):
 PSYoungGen      total 1308160K, used 1288990K [0x000000076ab00000, 0x00000007c0000000, 0x00000007c0000000)
  eden space 1220608K, 100% used [0x000000076ab00000,0x00000007b5300000,0x00000007b5300000)
  from space 87552K, 78% used [0x00000007baa80000,0x00000007bed47bc0,0x00000007c0000000)
  to   space 88576K, 0% used [0x00000007b5300000,0x00000007b5300000,0x00000007ba980000)
 ParOldGen       total 268800K, used 172012K [0x00000006c0000000, 0x00000006d0680000, 0x000000076ab00000)
  object space 268800K, 63% used [0x00000006c0000000,0x00000006ca7fb210,0x00000006d0680000)
 Metaspace       used 53068K, capacity 53559K, committed 53760K, reserved 1099776K
  class space    used 3603K, capacity 3821K, committed 3840K, reserved 1048576K
Event: 1029.369 GC heap after
Heap after GC invocations=85 (full 6):
 PSYoungGen      total 1289728K, used 68640K [0x000000076ab00000, 0x00000007c0000000, 0x00000007c0000000)
  eden space 1220608K, 0% used [0x000000076ab00000,0x000000076ab00000,0x00000007b5300000)
  from space 69120K, 99% used [0x00000007b5300000,0x00000007b9608000,0x00000007b9680000)
  to   space 89088K, 0% used [0x00000007ba900000,0x00000007ba900000,0x00000007c0000000)
 ParOldGen       total 268800K, used 178847K [0x00000006c0000000, 0x00000006d0680000, 0x000000076ab00000)
  object space 268800K, 66% used [0x00000006c0000000,0x00000006caea7fb0,0x00000006d0680000)
 Metaspace       used 53068K, capacity 53559K, committed 53760K, reserved 1099776K
  class space    used 3603K, capacity 3821K, committed 3840K, reserved 1048576K
}
Event: 1045.839 GC heap before
{Heap before GC invocations=86 (full 6):
 PSYoungGen      total 1289728K, used 1289248K [0x000000076ab00000, 0x00000007c0000000, 0x00000007c0000000)
  eden space 1220608K, 100% used [0x000000076ab00000,0x00000007b5300000,0x00000007b5300000)
  from space 69120K, 99% used [0x00000007b5300000,0x00000007b9608000,0x00000007b9680000)
  to   space 89088K, 0% used [0x00000007ba900000,0x00000007ba900000,0x00000007c0000000)
 ParOldGen       total 268800K, used 178847K [0x00000006c0000000, 0x00000006d0680000, 0x000000076ab00000)
  object space 268800K, 66% used [0x00000006c0000000,0x00000006caea7fb0,0x00000006d0680000)
 Metaspace       used 59999K, capacity 60503K, committed 60800K, reserved 1105920K
  class space    used 3956K, capacity 4173K, committed 4224K, reserved 1048576K
Event: 1045.853 GC heap after
Heap after GC invocations=86 (full 6):
 PSYoungGen      total 1297408K, used 10736K [0x000000076ab00000, 0x00000007c0000000, 0x00000007c0000000)
  eden space 1208320K, 0% used [0x000000076ab00000,0x000000076ab00000,0x00000007b4700000)
  from space 89088K, 12% used [0x00000007ba900000,0x00000007bb37c080,0x00000007c0000000)
  to   space 94720K, 0% used [0x00000007b4700000,0x00000007b4700000,0x00000007ba380000)
 ParOldGen       total 268800K, used 185751K [0x00000006c0000000, 0x00000006d0680000, 0x000000076ab00000)
  object space 268800K, 69% used [0x00000006c0000000,0x00000006cb565cf0,0x00000006d0680000)
 Metaspace       used 59999K, capacity 60503K, committed 60800K, reserved 1105920K
  class space    used 3956K, capacity 4173K, committed 4224K, reserved 1048576K
}
Event: 1052.173 GC heap before
{Heap before GC invocations=87 (full 6):
 PSYoungGen      total 1297408K, used 1219056K [0x000000076ab00000, 0x00000007c0000000, 0x00000007c0000000)
  eden space 1208320K, 100% used [0x000000076ab00000,0x00000007b4700000,0x00000007b4700000)
  from space 89088K, 12% used [0x00000007ba900000,0x00000007bb37c080,0x00000007c0000000)
  to   space 94720K, 0% used [0x00000007b4700000,0x00000007b4700000,0x00000007ba380000)
 ParOldGen       total 268800K, used 185751K [0x00000006c0000000, 0x00000006d0680000, 0x000000076ab00000)
  object space 268800K, 69% used [0x00000006c0000000,0x00000006cb565cf0,0x00000006d0680000)
 Metaspace       used 60070K, capacity 60567K, committed 60800K, reserved 1105920K
  class space    used 3956K, capacity 4173K, committed 4224K, reserved 1048576K
Event: 1052.180 GC heap after
Heap after GC invocations=87 (full 6):
 PSYoungGen      total 1213440K, used 4832K [0x000000076ab00000, 0x00000007c0000000, 0x00000007c0000000)
  eden space 1208320K, 0% used [0x000000076ab00000,0x000000076ab00000,0x00000007b4700000)
  from space 5120K, 94% used [0x00000007b4700000,0x00000007b4bb8000,0x00000007b4c00000)
  to   space 99328K, 0% used [0x00000007b9f00000,0x00000007b9f00000,0x00000007c0000000)
 ParOldGen       total 268800K, used 191154K [0x00000006c0000000, 0x00000006d0680000, 0x000000076ab00000)
  object space 268800K, 71% used [0x00000006c0000000,0x00000006cbaac888,0x00000006d0680000)
 Metaspace       used 60070K, capacity 60567K, committed 60800K, reserved 1105920K
  class space    used 3956K, capacity 4173K, committed 4224K, reserved 1048576K
}
Event: 1055.211 GC heap before
{Heap before GC invocations=88 (full 6):
 PSYoungGen      total 1213440K, used 70676K [0x000000076ab00000, 0x00000007c0000000, 0x00000007c0000000)
  eden space 1208320K, 5% used [0x000000076ab00000,0x000000076eb4d328,0x00000007b4700000)
  from space 5120K, 94% used [0x00000007b4700000,0x00000007b4bb8000,0x00000007b4c00000)
  to   space 99328K, 0% used [0x00000007b9f00000,0x00000007b9f00000,0x00000007c0000000)
 ParOldGen       total 268800K, used 191154K [0x00000006c0000000, 0x00000006d0680000, 0x000000076ab00000)
  object space 268800K, 71% used [0x00000006c0000000,0x00000006cbaac888,0x00000006d0680000)
 Metaspace       used 62989K, capacity 63447K, committed 63576K, reserved 1107968K
  class space    used 4076K, capacity 4301K, committed 4352K, reserved 1048576K
Event: 1055.218 GC heap after
Heap after GC invocations=88 (full 6):
 PSYoungGen      total 1293312K, used 5268K [0x000000076ab00000, 0x00000007c0000000, 0x00000007c0000000)
  eden space 1193984K, 0% used [0x000000076ab00000,0x000000076ab00000,0x00000007b3900000)
  from space 99328K, 5% used [0x00000007b9f00000,0x00000007ba4251d0,0x00000007c0000000)
  to   space 101888K, 0% used [0x00000007b3900000,0x00000007b3900000,0x00000007b9c80000)
 ParOldGen       total 268800K, used 195763K [0x00000006c0000000, 0x00000006d0680000, 0x000000076ab00000)
  object space 268800K, 72% used [0x00000006c0000000,0x00000006cbf2cc38,0x00000006d0680000)
 Metaspace       used 62989K, capacity 63447K, committed 63576K, reserved 1107968K
  class space    used 4076K, capacity 4301K, committed 4352K, reserved 1048576K
}
Event: 1055.218 GC heap before
{Heap before GC invocations=89 (full 7):
 PSYoungGen      total 1293312K, used 5268K [0x000000076ab00000, 0x00000007c0000000, 0x00000007c0000000)
  eden space 1193984K, 0% used [0x000000076ab00000,0x000000076ab00000,0x00000007b3900000)
  from space 99328K, 5% used [0x00000007b9f00000,0x00000007ba4251d0,0x00000007c0000000)
  to   space 101888K, 0% used [0x00000007b3900000,0x00000007b3900000,0x00000007b9c80000)
 ParOldGen       total 268800K, used 195763K [0x00000006c0000000, 0x00000006d0680000, 0x000000076ab00000)
  object space 268800K, 72% used [0x00000006c0000000,0x00000006cbf2cc38,0x00000006d0680000)
 Metaspace       used 62989K, capacity 63447K, committed 63576K, reserved 1107968K
  class space    used 4076K, capacity 4301K, committed 4352K, reserved 1048576K

