# JRE version: Java(TM) SE Runtime Environment (8.0_112-b16) (build 1.8.0_112-b16)
# Java VM: Java HotSpot(TM) 64-Bit Server VM (25.112-b16 mixed mode bsd-amd64 compressed oops)
Heap:
 PSYoungGen      total 1298432K, used 110291K [0x000000076ab00000, 0x00000007c0000000, 0x00000007c0000000)
  eden space 1199104K, 9% used [0x000000076ab00000,0x00000007716b4ff0,0x00000007b3e00000)
  from space 99328K, 0% used [0x00000007b3e00000,0x00000007b3e00000,0x00000007b9f00000)
  to   space 98304K, 0% used [0x00000007ba000000,0x00000007ba000000,0x00000007c0000000)
 ParOldGen       total 292864K, used 113278K [0x00000006c0000000, 0x00000006d1e00000, 0x000000076ab00000)
  object space 292864K, 38% used [0x00000006c0000000,0x00000006c6e9fb18,0x00000006d1e00000)
 Metaspace       used 22393K, capacity 22581K, committed 22912K, reserved 1069056K
  class space    used 2544K, capacity 2618K, committed 2688K, reserved 1048576K
GC Heap History (10 events):
Event: 680.571 GC heap before
{Heap before GC invocations=62 (full 4):
 PSYoungGen      total 1279488K, used 1279028K [0x000000076ab00000, 0x00000007c0000000, 0x00000007c0000000)
  eden space 1210368K, 100% used [0x000000076ab00000,0x00000007b4900000,0x00000007b4900000)
  from space 69120K, 99% used [0x00000007b4900000,0x00000007b8c0d0e8,0x00000007b8c80000)
  to   space 94208K, 0% used [0x00000007ba400000,0x00000007ba400000,0x00000007c0000000)
 ParOldGen       total 292864K, used 157694K [0x00000006c0000000, 0x00000006d1e00000, 0x000000076ab00000)
  object space 292864K, 53% used [0x00000006c0000000,0x00000006c99ff988,0x00000006d1e00000)
 Metaspace       used 22324K, capacity 22517K, committed 22912K, reserved 1069056K
  class space    used 2543K, capacity 2618K, committed 2688K, reserved 1048576K
Event: 680.895 GC heap after
Heap after GC invocations=62 (full 4):
 PSYoungGen      total 1302528K, used 70294K [0x000000076ab00000, 0x00000007c0000000, 0x00000007c0000000)
  eden space 1208320K, 0% used [0x000000076ab00000,0x000000076ab00000,0x00000007b4700000)
  from space 94208K, 74% used [0x00000007ba400000,0x00000007be8a58a8,0x00000007c0000000)
  to   space 94720K, 0% used [0x00000007b4700000,0x00000007b4700000,0x00000007ba380000)
 ParOldGen       total 292864K, used 164212K [0x00000006c0000000, 0x00000006d1e00000, 0x000000076ab00000)
  object space 292864K, 56% used [0x00000006c0000000,0x00000006ca05d138,0x00000006d1e00000)
 Metaspace       used 22324K, capacity 22517K, committed 22912K, reserved 1069056K
  class space    used 2543K, capacity 2618K, committed 2688K, reserved 1048576K
}
Event: 682.158 GC heap before
{Heap before GC invocations=63 (full 4):
 PSYoungGen      total 1302528K, used 1278614K [0x000000076ab00000, 0x00000007c0000000, 0x00000007c0000000)
  eden space 1208320K, 100% used [0x000000076ab00000,0x00000007b4700000,0x00000007b4700000)
  from space 94208K, 74% used [0x00000007ba400000,0x00000007be8a58a8,0x00000007c0000000)
  to   space 94720K, 0% used [0x00000007b4700000,0x00000007b4700000,0x00000007ba380000)
 ParOldGen       total 292864K, used 164212K [0x00000006c0000000, 0x00000006d1e00000, 0x000000076ab00000)
  object space 292864K, 56% used [0x00000006c0000000,0x00000006ca05d138,0x00000006d1e00000)
 Metaspace       used 22326K, capacity 22517K, committed 22912K, reserved 1069056K
  class space    used 2543K, capacity 2618K, committed 2688K, reserved 1048576K
Event: 682.272 GC heap after
Heap after GC invocations=63 (full 4):
 PSYoungGen      total 1256448K, used 47936K [0x000000076ab00000, 0x00000007bfd80000, 0x00000007c0000000)
  eden space 1208320K, 0% used [0x000000076ab00000,0x000000076ab00000,0x00000007b4700000)
  from space 48128K, 99% used [0x00000007b4700000,0x00000007b75d0030,0x00000007b7600000)
  to   space 93184K, 0% used [0x00000007ba280000,0x00000007ba280000,0x00000007bfd80000)
 ParOldGen       total 292864K, used 171600K [0x00000006c0000000, 0x00000006d1e00000, 0x000000076ab00000)
  object space 292864K, 58% used [0x00000006c0000000,0x00000006ca7941a8,0x00000006d1e00000)
 Metaspace       used 22326K, capacity 22517K, committed 22912K, reserved 1069056K
  class space    used 2543K, capacity 2618K, committed 2688K, reserved 1048576K
}
Event: 683.676 GC heap before
{Heap before GC invocations=64 (full 4):
 PSYoungGen      total 1256448K, used 1256256K [0x000000076ab00000, 0x00000007bfd80000, 0x00000007c0000000)
  eden space 1208320K, 100% used [0x000000076ab00000,0x00000007b4700000,0x00000007b4700000)
  from space 48128K, 99% used [0x00000007b4700000,0x00000007b75d0030,0x00000007b7600000)
  to   space 93184K, 0% used [0x00000007ba280000,0x00000007ba280000,0x00000007bfd80000)
 ParOldGen       total 292864K, used 171600K [0x00000006c0000000, 0x00000006d1e00000, 0x000000076ab00000)
  object space 292864K, 58% used [0x00000006c0000000,0x00000006ca7941a8,0x00000006d1e00000)
 Metaspace       used 22346K, capacity 22581K, committed 22912K, reserved 1069056K
  class space    used 2543K, capacity 2618K, committed 2688K, reserved 1048576K
Event: 683.796 GC heap after
Heap after GC invocations=64 (full 4):
 PSYoungGen      total 1292288K, used 3296K [0x000000076ab00000, 0x00000007c0000000, 0x00000007c0000000)
  eden space 1199104K, 0% used [0x000000076ab00000,0x000000076ab00000,0x00000007b3e00000)
  from space 93184K, 3% used [0x00000007ba280000,0x00000007ba5b8000,0x00000007bfd80000)
  to   space 99328K, 0% used [0x00000007b3e00000,0x00000007b3e00000,0x00000007b9f00000)
 ParOldGen       total 292864K, used 216200K [0x00000006c0000000, 0x00000006d1e00000, 0x000000076ab00000)
  object space 292864K, 73% used [0x00000006c0000000,0x00000006cd3221d8,0x00000006d1e00000)
 Metaspace       used 22346K, capacity 22581K, committed 22912K, reserved 1069056K
  class space    used 2543K, capacity 2618K, committed 2688K, reserved 1048576K
}
Event: 684.725 GC heap before
{Heap before GC invocations=65 (full 4):
 PSYoungGen      total 1292288K, used 437900K [0x000000076ab00000, 0x00000007c0000000, 0x00000007c0000000)
  eden space 1199104K, 36% used [0x000000076ab00000,0x000000078536b3f0,0x00000007b3e00000)
  from space 93184K, 3% used [0x00000007ba280000,0x00000007ba5b8000,0x00000007bfd80000)
  to   space 99328K, 0% used [0x00000007b3e00000,0x00000007b3e00000,0x00000007b9f00000)
 ParOldGen       total 292864K, used 216200K [0x00000006c0000000, 0x00000006d1e00000, 0x000000076ab00000)
  object space 292864K, 73% used [0x00000006c0000000,0x00000006cd3221d8,0x00000006d1e00000)
 Metaspace       used 22392K, capacity 22581K, committed 22912K, reserved 1069056K
  class space    used 2544K, capacity 2618K, committed 2688K, reserved 1048576K
Event: 684.754 GC heap after
Heap after GC invocations=65 (full 4):
 PSYoungGen      total 1298432K, used 34160K [0x000000076ab00000, 0x00000007c0000000, 0x00000007c0000000)
  eden space 1199104K, 0% used [0x000000076ab00000,0x000000076ab00000,0x00000007b3e00000)
  from space 99328K, 34% used [0x00000007b3e00000,0x00000007b5f5c090,0x00000007b9f00000)
  to   space 98304K, 0% used [0x00000007ba000000,0x00000007ba000000,0x00000007c0000000)
 ParOldGen       total 292864K, used 216472K [0x00000006c0000000, 0x00000006d1e00000, 0x000000076ab00000)
  object space 292864K, 73% used [0x00000006c0000000,0x00000006cd3661d8,0x00000006d1e00000)
 Metaspace       used 22392K, capacity 22581K, committed 22912K, reserved 1069056K
  class space    used 2544K, capacity 2618K, committed 2688K, reserved 1048576K
}
Event: 684.754 GC heap before
{Heap before GC invocations=66 (full 5):
 PSYoungGen      total 1298432K, used 34160K [0x000000076ab00000, 0x00000007c0000000, 0x00000007c0000000)
  eden space 1199104K, 0% used [0x000000076ab00000,0x000000076ab00000,0x00000007b3e00000)
  from space 99328K, 34% used [0x00000007b3e00000,0x00000007b5f5c090,0x00000007b9f00000)
  to   space 98304K, 0% used [0x00000007ba000000,0x00000007ba000000,0x00000007c0000000)
 ParOldGen       total 292864K, used 216472K [0x00000006c0000000, 0x00000006d1e00000, 0x000000076ab00000)
  object space 292864K, 73% used [0x00000006c0000000,0x00000006cd3661d8,0x00000006d1e00000)
 Metaspace       used 22392K, capacity 22581K, committed 22912K, reserved 1069056K
  class space    used 2544K, capacity 2618K, committed 2688K, reserved 1048576K
Event: 685.093 GC heap after
Heap after GC invocations=66 (full 5):
 PSYoungGen      total 1298432K, used 0K [0x000000076ab00000, 0x00000007c0000000, 0x00000007c0000000)
  eden space 1199104K, 0% used [0x000000076ab00000,0x000000076ab00000,0x00000007b3e00000)
  from space 99328K, 0% used [0x00000007b3e00000,0x00000007b3e00000,0x00000007b9f00000)
  to   space 98304K, 0% used [0x00000007ba000000,0x00000007ba000000,0x00000007c0000000)
 ParOldGen       total 292864K, used 113278K [0x00000006c0000000, 0x00000006d1e00000, 0x000000076ab00000)
  object space 292864K, 38% used [0x00000006c0000000,0x00000006c6e9fb18,0x00000006d1e00000)
 Metaspace       used 22392K, capacity 22581K, committed 22912K, reserved 1069056K
  class space    used 2544K, capacity 2618K, committed 2688K, reserved 1048576K
}

